2015-11-25 15:26:06,982 [Worker-4] INFO  o.e.m.c.i.l.LifecycleMappingFactory - Using NULL lifecycle mapping for MavenProject: cn.gyyx.demo:demo-root:0.0.1 @ F:\javaee-workspace\cn.gyyx.demo\demo-root\pom.xml.
2015-11-25 15:26:08,246 [Worker-6] INFO  o.e.m.c.i.l.LifecycleMappingFactory - Using NULL lifecycle mapping for MavenProject: cn.gyyx.demo:demo-root:0.0.1 @ F:\javaee-workspace\cn.gyyx.demo\demo-root\pom.xml.
2015-11-25 15:26:57,365 [Worker-6] INFO  o.e.m.c.i.p.ProjectConfigurationManager - Collecting project info '/pom.xml' F:\javaee-workspace\cn.gyyx.demo\demo-root\demo-service\pom.xml
2015-11-25 15:26:57,894 [Worker-6] INFO  o.e.m.c.i.l.LifecycleMappingFactory - Using org.eclipse.m2e.jdt.JarLifecycleMapping lifecycle mapping for MavenProject: cn.gyyx.demo:demo-service:0.0.1 @ F:\javaee-workspace\cn.gyyx.demo\demo-root\demo-service\pom.xml.
2015-11-25 15:26:58,478 [Worker-6] INFO  o.e.m.j.i.AbstractJavaProjectConfigurator - Adding source folder /demo-service/src/main/java
2015-11-25 15:26:58,483 [Worker-6] INFO  o.e.m.j.i.AbstractJavaProjectConfigurator - Adding source folder /demo-service/src/test/java
2015-11-25 15:26:58,573 [Worker-6] INFO  o.e.m.c.i.p.ProjectConfigurationManager - Project import completed 1 sec
2015-11-25 15:26:58,692 [Worker-6] ERROR o.e.m.c.u.i.w.MavenModuleWizard - Cannot add module to parent POM
java.lang.NullPointerException: null
	at org.eclipse.m2e.core.ui.internal.editing.PomEdits.getChild(PomEdits.java:279) ~[org.eclipse.m2e.core.ui_1.4.1.20140328-1905.jar:na]
	at org.eclipse.m2e.core.ui.internal.wizards.MavenModuleWizard$7$1.process(MavenModuleWizard.java:280) ~[org.eclipse.m2e.core.ui_1.4.1.20140328-1905.jar:na]
	at org.eclipse.m2e.core.ui.internal.editing.PomEdits.performOnDOMDocument(PomEdits.java:460) ~[org.eclipse.m2e.core.ui_1.4.1.20140328-1905.jar:na]
	at org.eclipse.m2e.core.ui.internal.wizards.MavenModuleWizard$7.done(MavenModuleWizard.java:277) ~[org.eclipse.m2e.core.ui_1.4.1.20140328-1905.jar:na]
	at org.eclipse.core.internal.jobs.JobListeners$3.notify(JobListeners.java:39) [org.eclipse.core.jobs_3.5.300.v20130429-1813.jar:na]
	at org.eclipse.core.internal.jobs.JobListeners.doNotify(JobListeners.java:112) [org.eclipse.core.jobs_3.5.300.v20130429-1813.jar:na]
	at org.eclipse.core.internal.jobs.JobListeners.done(JobListeners.java:152) [org.eclipse.core.jobs_3.5.300.v20130429-1813.jar:na]
	at org.eclipse.core.internal.jobs.JobManager.endJob(JobManager.java:647) [org.eclipse.core.jobs_3.5.300.v20130429-1813.jar:na]
	at org.eclipse.core.internal.jobs.WorkerPool.endJob(WorkerPool.java:105) [org.eclipse.core.jobs_3.5.300.v20130429-1813.jar:na]
	at org.eclipse.core.internal.jobs.Worker.run(Worker.java:70) [org.eclipse.core.jobs_3.5.300.v20130429-1813.jar:na]
2015-11-25 15:26:59,342 [Worker-6] INFO  o.e.m.c.i.l.LifecycleMappingFactory - Using org.eclipse.m2e.jdt.JarLifecycleMapping lifecycle mapping for MavenProject: cn.gyyx.demo:demo-service:0.0.1 @ F:\javaee-workspace\cn.gyyx.demo\demo-root\demo-service\pom.xml.
2015-11-25 15:26:59,556 [Worker-6] INFO  o.e.m.c.i.embedder.EclipseLogger - Using 'UTF-8' encoding to copy filtered resources.
2015-11-25 15:26:59,557 [Worker-6] INFO  o.e.m.c.i.embedder.EclipseLogger - skip non existing resourceDirectory F:\javaee-workspace\cn.gyyx.demo\demo-root\demo-service\src\main\resources
2015-11-25 15:26:59,560 [Worker-6] INFO  o.e.m.c.i.embedder.EclipseLogger - Using 'UTF-8' encoding to copy filtered resources.
2015-11-25 15:26:59,560 [Worker-6] INFO  o.e.m.c.i.embedder.EclipseLogger - skip non existing resourceDirectory F:\javaee-workspace\cn.gyyx.demo\demo-root\demo-service\src\test\resources
2015-11-25 15:26:59,822 [Worker-9] INFO  o.e.m.c.i.l.LifecycleMappingFactory - Using org.eclipse.m2e.jdt.JarLifecycleMapping lifecycle mapping for MavenProject: cn.gyyx.demo:demo-service:0.0.1 @ F:\javaee-workspace\cn.gyyx.demo\demo-root\demo-service\pom.xml.
2015-11-25 15:27:00,765 [Worker-0] INFO  o.e.m.c.i.embedder.EclipseLogger - Using 'UTF-8' encoding to copy filtered resources.
2015-11-25 15:27:00,765 [Worker-0] INFO  o.e.m.c.i.embedder.EclipseLogger - skip non existing resourceDirectory F:\javaee-workspace\cn.gyyx.demo\demo-root\demo-service\src\main\resources
2015-11-25 15:27:00,767 [Worker-0] INFO  o.e.m.c.i.embedder.EclipseLogger - Using 'UTF-8' encoding to copy filtered resources.
2015-11-25 15:27:00,767 [Worker-0] INFO  o.e.m.c.i.embedder.EclipseLogger - skip non existing resourceDirectory F:\javaee-workspace\cn.gyyx.demo\demo-root\demo-service\src\test\resources
2015-11-25 15:27:23,297 [Worker-7] INFO  o.e.m.c.i.p.ProjectConfigurationManager - Collecting project info '/pom.xml' F:\javaee-workspace\cn.gyyx.demo\demo-root\demo-dao\pom.xml
2015-11-25 15:27:23,374 [Worker-7] INFO  o.e.m.c.i.l.LifecycleMappingFactory - Using org.eclipse.m2e.jdt.JarLifecycleMapping lifecycle mapping for MavenProject: cn.gyyx.demo:demo-dao:0.0.1 @ F:\javaee-workspace\cn.gyyx.demo\demo-root\demo-dao\pom.xml.
2015-11-25 15:27:23,490 [Worker-7] INFO  o.e.m.j.i.AbstractJavaProjectConfigurator - Adding source folder /demo-dao/src/main/java
2015-11-25 15:27:23,495 [Worker-7] INFO  o.e.m.j.i.AbstractJavaProjectConfigurator - Adding source folder /demo-dao/src/test/java
2015-11-25 15:27:23,547 [Worker-7] INFO  o.e.m.c.i.p.ProjectConfigurationManager - Project import completed 0 sec
2015-11-25 15:27:23,591 [Worker-7] ERROR o.e.m.c.u.i.w.MavenModuleWizard - Cannot add module to parent POM
java.lang.NullPointerException: null
	at org.eclipse.m2e.core.ui.internal.editing.PomEdits.getChild(PomEdits.java:279) ~[org.eclipse.m2e.core.ui_1.4.1.20140328-1905.jar:na]
	at org.eclipse.m2e.core.ui.internal.wizards.MavenModuleWizard$7$1.process(MavenModuleWizard.java:280) ~[org.eclipse.m2e.core.ui_1.4.1.20140328-1905.jar:na]
	at org.eclipse.m2e.core.ui.internal.editing.PomEdits.performOnDOMDocument(PomEdits.java:460) ~[org.eclipse.m2e.core.ui_1.4.1.20140328-1905.jar:na]
	at org.eclipse.m2e.core.ui.internal.wizards.MavenModuleWizard$7.done(MavenModuleWizard.java:277) ~[org.eclipse.m2e.core.ui_1.4.1.20140328-1905.jar:na]
	at org.eclipse.core.internal.jobs.JobListeners$3.notify(JobListeners.java:39) [org.eclipse.core.jobs_3.5.300.v20130429-1813.jar:na]
	at org.eclipse.core.internal.jobs.JobListeners.doNotify(JobListeners.java:112) [org.eclipse.core.jobs_3.5.300.v20130429-1813.jar:na]
	at org.eclipse.core.internal.jobs.JobListeners.done(JobListeners.java:152) [org.eclipse.core.jobs_3.5.300.v20130429-1813.jar:na]
	at org.eclipse.core.internal.jobs.JobManager.endJob(JobManager.java:647) [org.eclipse.core.jobs_3.5.300.v20130429-1813.jar:na]
	at org.eclipse.core.internal.jobs.WorkerPool.endJob(WorkerPool.java:105) [org.eclipse.core.jobs_3.5.300.v20130429-1813.jar:na]
	at org.eclipse.core.internal.jobs.Worker.run(Worker.java:70) [org.eclipse.core.jobs_3.5.300.v20130429-1813.jar:na]
2015-11-25 15:27:23,848 [Worker-5] INFO  o.e.m.c.i.l.LifecycleMappingFactory - Using org.eclipse.m2e.jdt.JarLifecycleMapping lifecycle mapping for MavenProject: cn.gyyx.demo:demo-dao:0.0.1 @ F:\javaee-workspace\cn.gyyx.demo\demo-root\demo-dao\pom.xml.
2015-11-25 15:27:24,002 [Worker-5] INFO  o.e.m.c.i.embedder.EclipseLogger - Using 'UTF-8' encoding to copy filtered resources.
2015-11-25 15:27:24,002 [Worker-5] INFO  o.e.m.c.i.embedder.EclipseLogger - skip non existing resourceDirectory F:\javaee-workspace\cn.gyyx.demo\demo-root\demo-dao\src\main\resources
2015-11-25 15:27:24,004 [Worker-5] INFO  o.e.m.c.i.embedder.EclipseLogger - Using 'UTF-8' encoding to copy filtered resources.
2015-11-25 15:27:24,004 [Worker-5] INFO  o.e.m.c.i.embedder.EclipseLogger - skip non existing resourceDirectory F:\javaee-workspace\cn.gyyx.demo\demo-root\demo-dao\src\test\resources
2015-11-25 15:27:24,644 [Worker-7] INFO  o.e.m.c.i.l.LifecycleMappingFactory - Using org.eclipse.m2e.jdt.JarLifecycleMapping lifecycle mapping for MavenProject: cn.gyyx.demo:demo-dao:0.0.1 @ F:\javaee-workspace\cn.gyyx.demo\demo-root\demo-dao\pom.xml.
2015-11-25 15:27:25,040 [Worker-6] INFO  o.e.m.c.i.embedder.EclipseLogger - Using 'UTF-8' encoding to copy filtered resources.
2015-11-25 15:27:25,040 [Worker-6] INFO  o.e.m.c.i.embedder.EclipseLogger - skip non existing resourceDirectory F:\javaee-workspace\cn.gyyx.demo\demo-root\demo-dao\src\main\resources
2015-11-25 15:27:25,041 [Worker-6] INFO  o.e.m.c.i.embedder.EclipseLogger - Using 'UTF-8' encoding to copy filtered resources.
2015-11-25 15:27:25,041 [Worker-6] INFO  o.e.m.c.i.embedder.EclipseLogger - skip non existing resourceDirectory F:\javaee-workspace\cn.gyyx.demo\demo-root\demo-dao\src\test\resources
2015-11-25 15:27:43,912 [Worker-6] INFO  o.e.m.c.i.p.ProjectConfigurationManager - Collecting project info '/pom.xml' F:\javaee-workspace\cn.gyyx.demo\demo-root\demo-bll\pom.xml
2015-11-25 15:27:43,982 [Worker-6] INFO  o.e.m.c.i.l.LifecycleMappingFactory - Using org.eclipse.m2e.jdt.JarLifecycleMapping lifecycle mapping for MavenProject: cn.gyyx.demo:demo-bll:0.0.1 @ F:\javaee-workspace\cn.gyyx.demo\demo-root\demo-bll\pom.xml.
2015-11-25 15:27:44,108 [Worker-6] INFO  o.e.m.j.i.AbstractJavaProjectConfigurator - Adding source folder /demo-bll/src/main/java
2015-11-25 15:27:44,113 [Worker-6] INFO  o.e.m.j.i.AbstractJavaProjectConfigurator - Adding source folder /demo-bll/src/test/java
2015-11-25 15:27:44,163 [Worker-6] INFO  o.e.m.c.i.p.ProjectConfigurationManager - Project import completed 0 sec
2015-11-25 15:27:44,195 [Worker-6] ERROR o.e.m.c.u.i.w.MavenModuleWizard - Cannot add module to parent POM
java.lang.NullPointerException: null
	at org.eclipse.m2e.core.ui.internal.editing.PomEdits.getChild(PomEdits.java:279) ~[org.eclipse.m2e.core.ui_1.4.1.20140328-1905.jar:na]
	at org.eclipse.m2e.core.ui.internal.wizards.MavenModuleWizard$7$1.process(MavenModuleWizard.java:280) ~[org.eclipse.m2e.core.ui_1.4.1.20140328-1905.jar:na]
	at org.eclipse.m2e.core.ui.internal.editing.PomEdits.performOnDOMDocument(PomEdits.java:460) ~[org.eclipse.m2e.core.ui_1.4.1.20140328-1905.jar:na]
	at org.eclipse.m2e.core.ui.internal.wizards.MavenModuleWizard$7.done(MavenModuleWizard.java:277) ~[org.eclipse.m2e.core.ui_1.4.1.20140328-1905.jar:na]
	at org.eclipse.core.internal.jobs.JobListeners$3.notify(JobListeners.java:39) [org.eclipse.core.jobs_3.5.300.v20130429-1813.jar:na]
	at org.eclipse.core.internal.jobs.JobListeners.doNotify(JobListeners.java:112) [org.eclipse.core.jobs_3.5.300.v20130429-1813.jar:na]
	at org.eclipse.core.internal.jobs.JobListeners.done(JobListeners.java:152) [org.eclipse.core.jobs_3.5.300.v20130429-1813.jar:na]
	at org.eclipse.core.internal.jobs.JobManager.endJob(JobManager.java:647) [org.eclipse.core.jobs_3.5.300.v20130429-1813.jar:na]
	at org.eclipse.core.internal.jobs.WorkerPool.endJob(WorkerPool.java:105) [org.eclipse.core.jobs_3.5.300.v20130429-1813.jar:na]
	at org.eclipse.core.internal.jobs.Worker.run(Worker.java:70) [org.eclipse.core.jobs_3.5.300.v20130429-1813.jar:na]
2015-11-25 15:27:44,462 [Worker-1] INFO  o.e.m.c.i.l.LifecycleMappingFactory - Using org.eclipse.m2e.jdt.JarLifecycleMapping lifecycle mapping for MavenProject: cn.gyyx.demo:demo-bll:0.0.1 @ F:\javaee-workspace\cn.gyyx.demo\demo-root\demo-bll\pom.xml.
2015-11-25 15:27:44,698 [Worker-1] INFO  o.e.m.c.i.embedder.EclipseLogger - Using 'UTF-8' encoding to copy filtered resources.
2015-11-25 15:27:44,698 [Worker-1] INFO  o.e.m.c.i.embedder.EclipseLogger - skip non existing resourceDirectory F:\javaee-workspace\cn.gyyx.demo\demo-root\demo-bll\src\main\resources
2015-11-25 15:27:44,699 [Worker-1] INFO  o.e.m.c.i.embedder.EclipseLogger - Using 'UTF-8' encoding to copy filtered resources.
2015-11-25 15:27:44,699 [Worker-1] INFO  o.e.m.c.i.embedder.EclipseLogger - skip non existing resourceDirectory F:\javaee-workspace\cn.gyyx.demo\demo-root\demo-bll\src\test\resources
2015-11-25 15:27:45,308 [Worker-5] INFO  o.e.m.c.i.l.LifecycleMappingFactory - Using org.eclipse.m2e.jdt.JarLifecycleMapping lifecycle mapping for MavenProject: cn.gyyx.demo:demo-bll:0.0.1 @ F:\javaee-workspace\cn.gyyx.demo\demo-root\demo-bll\pom.xml.
2015-11-25 15:27:45,780 [Worker-1] INFO  o.e.m.c.i.embedder.EclipseLogger - Using 'UTF-8' encoding to copy filtered resources.
2015-11-25 15:27:45,781 [Worker-1] INFO  o.e.m.c.i.embedder.EclipseLogger - skip non existing resourceDirectory F:\javaee-workspace\cn.gyyx.demo\demo-root\demo-bll\src\main\resources
2015-11-25 15:27:45,782 [Worker-1] INFO  o.e.m.c.i.embedder.EclipseLogger - Using 'UTF-8' encoding to copy filtered resources.
2015-11-25 15:27:45,782 [Worker-1] INFO  o.e.m.c.i.embedder.EclipseLogger - skip non existing resourceDirectory F:\javaee-workspace\cn.gyyx.demo\demo-root\demo-bll\src\test\resources
2015-11-25 15:28:04,465 [Worker-0] INFO  o.e.m.c.i.p.ProjectConfigurationManager - Collecting project info '/pom.xml' F:\javaee-workspace\cn.gyyx.demo\demo-root\demo-beans\pom.xml
2015-11-25 15:28:04,535 [Worker-0] INFO  o.e.m.c.i.l.LifecycleMappingFactory - Using org.eclipse.m2e.jdt.JarLifecycleMapping lifecycle mapping for MavenProject: cn.gyyx.demo:demo-beans:0.0.1 @ F:\javaee-workspace\cn.gyyx.demo\demo-root\demo-beans\pom.xml.
2015-11-25 15:28:04,787 [Worker-0] INFO  o.e.m.j.i.AbstractJavaProjectConfigurator - Adding source folder /demo-beans/src/main/java
2015-11-25 15:28:04,791 [Worker-0] INFO  o.e.m.j.i.AbstractJavaProjectConfigurator - Adding source folder /demo-beans/src/test/java
2015-11-25 15:28:04,841 [Worker-0] INFO  o.e.m.c.i.p.ProjectConfigurationManager - Project import completed 0 sec
2015-11-25 15:28:04,877 [Worker-0] ERROR o.e.m.c.u.i.w.MavenModuleWizard - Cannot add module to parent POM
java.lang.NullPointerException: null
	at org.eclipse.m2e.core.ui.internal.editing.PomEdits.getChild(PomEdits.java:279) ~[org.eclipse.m2e.core.ui_1.4.1.20140328-1905.jar:na]
	at org.eclipse.m2e.core.ui.internal.wizards.MavenModuleWizard$7$1.process(MavenModuleWizard.java:280) ~[org.eclipse.m2e.core.ui_1.4.1.20140328-1905.jar:na]
	at org.eclipse.m2e.core.ui.internal.editing.PomEdits.performOnDOMDocument(PomEdits.java:460) ~[org.eclipse.m2e.core.ui_1.4.1.20140328-1905.jar:na]
	at org.eclipse.m2e.core.ui.internal.wizards.MavenModuleWizard$7.done(MavenModuleWizard.java:277) ~[org.eclipse.m2e.core.ui_1.4.1.20140328-1905.jar:na]
	at org.eclipse.core.internal.jobs.JobListeners$3.notify(JobListeners.java:39) [org.eclipse.core.jobs_3.5.300.v20130429-1813.jar:na]
	at org.eclipse.core.internal.jobs.JobListeners.doNotify(JobListeners.java:112) [org.eclipse.core.jobs_3.5.300.v20130429-1813.jar:na]
	at org.eclipse.core.internal.jobs.JobListeners.done(JobListeners.java:152) [org.eclipse.core.jobs_3.5.300.v20130429-1813.jar:na]
	at org.eclipse.core.internal.jobs.JobManager.endJob(JobManager.java:647) [org.eclipse.core.jobs_3.5.300.v20130429-1813.jar:na]
	at org.eclipse.core.internal.jobs.WorkerPool.endJob(WorkerPool.java:105) [org.eclipse.core.jobs_3.5.300.v20130429-1813.jar:na]
	at org.eclipse.core.internal.jobs.Worker.run(Worker.java:70) [org.eclipse.core.jobs_3.5.300.v20130429-1813.jar:na]
2015-11-25 15:28:05,093 [Worker-10] INFO  o.e.m.c.i.l.LifecycleMappingFactory - Using org.eclipse.m2e.jdt.JarLifecycleMapping lifecycle mapping for MavenProject: cn.gyyx.demo:demo-beans:0.0.1 @ F:\javaee-workspace\cn.gyyx.demo\demo-root\demo-beans\pom.xml.
2015-11-25 15:28:05,258 [Worker-10] INFO  o.e.m.c.i.embedder.EclipseLogger - Using 'UTF-8' encoding to copy filtered resources.
2015-11-25 15:28:05,258 [Worker-10] INFO  o.e.m.c.i.embedder.EclipseLogger - skip non existing resourceDirectory F:\javaee-workspace\cn.gyyx.demo\demo-root\demo-beans\src\main\resources
2015-11-25 15:28:05,259 [Worker-10] INFO  o.e.m.c.i.embedder.EclipseLogger - Using 'UTF-8' encoding to copy filtered resources.
2015-11-25 15:28:05,259 [Worker-10] INFO  o.e.m.c.i.embedder.EclipseLogger - skip non existing resourceDirectory F:\javaee-workspace\cn.gyyx.demo\demo-root\demo-beans\src\test\resources
2015-11-25 15:28:05,981 [Worker-2] INFO  o.e.m.c.i.l.LifecycleMappingFactory - Using org.eclipse.m2e.jdt.JarLifecycleMapping lifecycle mapping for MavenProject: cn.gyyx.demo:demo-beans:0.0.1 @ F:\javaee-workspace\cn.gyyx.demo\demo-root\demo-beans\pom.xml.
2015-11-25 15:28:06,288 [Worker-0] INFO  o.e.m.c.i.embedder.EclipseLogger - Using 'UTF-8' encoding to copy filtered resources.
2015-11-25 15:28:06,289 [Worker-0] INFO  o.e.m.c.i.embedder.EclipseLogger - skip non existing resourceDirectory F:\javaee-workspace\cn.gyyx.demo\demo-root\demo-beans\src\main\resources
2015-11-25 15:28:06,291 [Worker-0] INFO  o.e.m.c.i.embedder.EclipseLogger - Using 'UTF-8' encoding to copy filtered resources.
2015-11-25 15:28:06,291 [Worker-0] INFO  o.e.m.c.i.embedder.EclipseLogger - skip non existing resourceDirectory F:\javaee-workspace\cn.gyyx.demo\demo-root\demo-beans\src\test\resources
2015-11-25 15:30:13,963 [Worker-5] INFO  o.e.m.c.i.l.LifecycleMappingFactory - Using org.maven.ide.eclipse.wtp.WarLifecycleMapping lifecycle mapping for MavenProject: cn.gyyx:demo:1.0.0-BUILD-SNAPSHOT @ F:\javaee-workspace\cn.gyyx.demo\demo-root\demo-ui\pom.xml.
2015-11-25 15:30:15,079 [Worker-5] WARN  o.e.m.c.i.embedder.EclipseLogger - Using platform encoding (GBK actually) to copy filtered resources, i.e. build is platform dependent!
2015-11-25 15:30:15,083 [Worker-5] INFO  o.e.m.c.i.embedder.EclipseLogger - Copying 1 resource
2015-11-25 15:30:15,093 [Worker-5] WARN  o.e.m.c.i.embedder.EclipseLogger - Using platform encoding (GBK actually) to copy filtered resources, i.e. build is platform dependent!
2015-11-25 15:30:15,094 [Worker-5] INFO  o.e.m.c.i.embedder.EclipseLogger - Copying 1 resource
2015-11-25 15:30:16,165 [Worker-12] INFO  o.e.m.c.i.l.LifecycleMappingFactory - Using org.maven.ide.eclipse.wtp.WarLifecycleMapping lifecycle mapping for MavenProject: cn.gyyx:demo:1.0.0-BUILD-SNAPSHOT @ F:\javaee-workspace\cn.gyyx.demo\demo-root\demo-ui\pom.xml.
2015-11-25 15:30:16,775 [Worker-5] WARN  o.e.m.c.i.embedder.EclipseLogger - Using platform encoding (GBK actually) to copy filtered resources, i.e. build is platform dependent!
2015-11-25 15:30:16,777 [Worker-5] INFO  o.e.m.c.i.embedder.EclipseLogger - Copying 1 resource
2015-11-25 15:30:16,783 [Worker-5] WARN  o.e.m.c.i.embedder.EclipseLogger - Using platform encoding (GBK actually) to copy filtered resources, i.e. build is platform dependent!
2015-11-25 15:30:16,784 [Worker-5] INFO  o.e.m.c.i.embedder.EclipseLogger - Copying 1 resource
2015-11-25 15:30:17,745 [Worker-11] WARN  o.e.m.c.i.embedder.EclipseLogger - Using platform encoding (GBK actually) to copy filtered resources, i.e. build is platform dependent!
2015-11-25 15:30:17,749 [Worker-11] INFO  o.e.m.c.i.embedder.EclipseLogger - Copying 0 resource
2015-11-25 15:30:17,754 [Worker-11] WARN  o.e.m.c.i.embedder.EclipseLogger - Using platform encoding (GBK actually) to copy filtered resources, i.e. build is platform dependent!
2015-11-25 15:30:17,755 [Worker-11] INFO  o.e.m.c.i.embedder.EclipseLogger - Copying 0 resource
2015-11-25 15:30:28,269 [Worker-4] INFO  o.e.m.c.i.l.LifecycleMappingFactory - Using NULL lifecycle mapping for MavenProject: cn.gyyx.demo:demo-root:0.0.1 @ F:\javaee-workspace\cn.gyyx.demo\demo-root\pom.xml.
2015-11-25 15:30:28,308 [Worker-4] INFO  o.e.m.c.i.l.LifecycleMappingFactory - Using org.eclipse.m2e.jdt.JarLifecycleMapping lifecycle mapping for MavenProject: cn.gyyx.demo:demo-service:0.0.1 @ F:\javaee-workspace\cn.gyyx.demo\demo-root\demo-service\pom.xml.
2015-11-25 15:30:28,343 [Worker-4] INFO  o.e.m.c.i.l.LifecycleMappingFactory - Using org.eclipse.m2e.jdt.JarLifecycleMapping lifecycle mapping for MavenProject: cn.gyyx.demo:demo-dao:0.0.1 @ F:\javaee-workspace\cn.gyyx.demo\demo-root\demo-dao\pom.xml.
2015-11-25 15:30:28,371 [Worker-4] INFO  o.e.m.c.i.l.LifecycleMappingFactory - Using org.eclipse.m2e.jdt.JarLifecycleMapping lifecycle mapping for MavenProject: cn.gyyx.demo:demo-bll:0.0.1 @ F:\javaee-workspace\cn.gyyx.demo\demo-root\demo-bll\pom.xml.
2015-11-25 15:30:28,401 [Worker-4] INFO  o.e.m.c.i.l.LifecycleMappingFactory - Using org.eclipse.m2e.jdt.JarLifecycleMapping lifecycle mapping for MavenProject: cn.gyyx.demo:demo-beans:0.0.1 @ F:\javaee-workspace\cn.gyyx.demo\demo-root\demo-beans\pom.xml.
2015-11-25 15:30:28,716 [Worker-4] INFO  o.e.m.c.i.embedder.EclipseLogger - Using 'UTF-8' encoding to copy filtered resources.
2015-11-25 15:30:28,716 [Worker-4] INFO  o.e.m.c.i.embedder.EclipseLogger - skip non existing resourceDirectory F:\javaee-workspace\cn.gyyx.demo\demo-root\demo-service\src\main\resources
2015-11-25 15:30:28,717 [Worker-4] INFO  o.e.m.c.i.embedder.EclipseLogger - Using 'UTF-8' encoding to copy filtered resources.
2015-11-25 15:30:28,717 [Worker-4] INFO  o.e.m.c.i.embedder.EclipseLogger - skip non existing resourceDirectory F:\javaee-workspace\cn.gyyx.demo\demo-root\demo-service\src\test\resources
2015-11-25 15:30:29,898 [Worker-6] INFO  o.e.m.c.i.embedder.EclipseLogger - Using 'UTF-8' encoding to copy filtered resources.
2015-11-25 15:30:29,898 [Worker-6] INFO  o.e.m.c.i.embedder.EclipseLogger - skip non existing resourceDirectory F:\javaee-workspace\cn.gyyx.demo\demo-root\demo-beans\src\main\resources
2015-11-25 15:30:29,900 [Worker-6] INFO  o.e.m.c.i.embedder.EclipseLogger - Using 'UTF-8' encoding to copy filtered resources.
2015-11-25 15:30:29,900 [Worker-6] INFO  o.e.m.c.i.embedder.EclipseLogger - skip non existing resourceDirectory F:\javaee-workspace\cn.gyyx.demo\demo-root\demo-beans\src\test\resources
2015-11-25 15:30:29,914 [Worker-6] INFO  o.e.m.c.i.embedder.EclipseLogger - Using 'UTF-8' encoding to copy filtered resources.
2015-11-25 15:30:29,914 [Worker-6] INFO  o.e.m.c.i.embedder.EclipseLogger - skip non existing resourceDirectory F:\javaee-workspace\cn.gyyx.demo\demo-root\demo-bll\src\main\resources
2015-11-25 15:30:29,916 [Worker-6] INFO  o.e.m.c.i.embedder.EclipseLogger - Using 'UTF-8' encoding to copy filtered resources.
2015-11-25 15:30:29,916 [Worker-6] INFO  o.e.m.c.i.embedder.EclipseLogger - skip non existing resourceDirectory F:\javaee-workspace\cn.gyyx.demo\demo-root\demo-bll\src\test\resources
2015-11-25 15:30:29,928 [Worker-6] INFO  o.e.m.c.i.embedder.EclipseLogger - Using 'UTF-8' encoding to copy filtered resources.
2015-11-25 15:30:29,928 [Worker-6] INFO  o.e.m.c.i.embedder.EclipseLogger - skip non existing resourceDirectory F:\javaee-workspace\cn.gyyx.demo\demo-root\demo-dao\src\main\resources
2015-11-25 15:30:29,929 [Worker-6] INFO  o.e.m.c.i.embedder.EclipseLogger - Using 'UTF-8' encoding to copy filtered resources.
2015-11-25 15:30:29,930 [Worker-6] INFO  o.e.m.c.i.embedder.EclipseLogger - skip non existing resourceDirectory F:\javaee-workspace\cn.gyyx.demo\demo-root\demo-dao\src\test\resources
2015-11-25 15:30:45,877 [Worker-11] INFO  o.e.m.c.i.l.LifecycleMappingFactory - Using NULL lifecycle mapping for MavenProject: cn.gyyx.demo:demo-root:0.0.1 @ F:\javaee-workspace\cn.gyyx.demo\demo-root\pom.xml.
2015-11-25 15:30:45,910 [Worker-11] INFO  o.e.m.c.i.l.LifecycleMappingFactory - Using org.eclipse.m2e.jdt.JarLifecycleMapping lifecycle mapping for MavenProject: cn.gyyx.demo:demo-bll:0.0.1 @ F:\javaee-workspace\cn.gyyx.demo\demo-root\demo-bll\pom.xml.
2015-11-25 15:30:45,941 [Worker-11] INFO  o.e.m.c.i.l.LifecycleMappingFactory - Using org.eclipse.m2e.jdt.JarLifecycleMapping lifecycle mapping for MavenProject: cn.gyyx.demo:demo-beans:0.0.1 @ F:\javaee-workspace\cn.gyyx.demo\demo-root\demo-beans\pom.xml.
2015-11-25 15:30:45,969 [Worker-11] INFO  o.e.m.c.i.l.LifecycleMappingFactory - Using org.eclipse.m2e.jdt.JarLifecycleMapping lifecycle mapping for MavenProject: cn.gyyx.demo:demo-dao:0.0.1 @ F:\javaee-workspace\cn.gyyx.demo\demo-root\demo-dao\pom.xml.
2015-11-25 15:30:45,996 [Worker-11] INFO  o.e.m.c.i.l.LifecycleMappingFactory - Using org.eclipse.m2e.jdt.JarLifecycleMapping lifecycle mapping for MavenProject: cn.gyyx.demo:demo-service:0.0.1 @ F:\javaee-workspace\cn.gyyx.demo\demo-root\demo-service\pom.xml.
2015-11-25 15:30:46,252 [Worker-11] INFO  o.e.m.c.i.embedder.EclipseLogger - Using 'UTF-8' encoding to copy filtered resources.
2015-11-25 15:30:46,252 [Worker-11] INFO  o.e.m.c.i.embedder.EclipseLogger - skip non existing resourceDirectory F:\javaee-workspace\cn.gyyx.demo\demo-root\demo-service\src\main\resources
2015-11-25 15:30:46,255 [Worker-11] INFO  o.e.m.c.i.embedder.EclipseLogger - Using 'UTF-8' encoding to copy filtered resources.
2015-11-25 15:30:46,255 [Worker-11] INFO  o.e.m.c.i.embedder.EclipseLogger - skip non existing resourceDirectory F:\javaee-workspace\cn.gyyx.demo\demo-root\demo-service\src\test\resources
2015-11-25 15:30:47,383 [Worker-6] INFO  o.e.m.c.i.embedder.EclipseLogger - Using 'UTF-8' encoding to copy filtered resources.
2015-11-25 15:30:47,383 [Worker-6] INFO  o.e.m.c.i.embedder.EclipseLogger - skip non existing resourceDirectory F:\javaee-workspace\cn.gyyx.demo\demo-root\demo-beans\src\main\resources
2015-11-25 15:30:47,384 [Worker-6] INFO  o.e.m.c.i.embedder.EclipseLogger - Using 'UTF-8' encoding to copy filtered resources.
2015-11-25 15:30:47,384 [Worker-6] INFO  o.e.m.c.i.embedder.EclipseLogger - skip non existing resourceDirectory F:\javaee-workspace\cn.gyyx.demo\demo-root\demo-beans\src\test\resources
2015-11-25 15:30:47,397 [Worker-6] INFO  o.e.m.c.i.embedder.EclipseLogger - Using 'UTF-8' encoding to copy filtered resources.
2015-11-25 15:30:47,398 [Worker-6] INFO  o.e.m.c.i.embedder.EclipseLogger - skip non existing resourceDirectory F:\javaee-workspace\cn.gyyx.demo\demo-root\demo-bll\src\main\resources
2015-11-25 15:30:47,399 [Worker-6] INFO  o.e.m.c.i.embedder.EclipseLogger - Using 'UTF-8' encoding to copy filtered resources.
2015-11-25 15:30:47,399 [Worker-6] INFO  o.e.m.c.i.embedder.EclipseLogger - skip non existing resourceDirectory F:\javaee-workspace\cn.gyyx.demo\demo-root\demo-bll\src\test\resources
2015-11-25 15:30:47,412 [Worker-6] INFO  o.e.m.c.i.embedder.EclipseLogger - Using 'UTF-8' encoding to copy filtered resources.
2015-11-25 15:30:47,412 [Worker-6] INFO  o.e.m.c.i.embedder.EclipseLogger - skip non existing resourceDirectory F:\javaee-workspace\cn.gyyx.demo\demo-root\demo-dao\src\main\resources
2015-11-25 15:30:47,414 [Worker-6] INFO  o.e.m.c.i.embedder.EclipseLogger - Using 'UTF-8' encoding to copy filtered resources.
2015-11-25 15:30:47,414 [Worker-6] INFO  o.e.m.c.i.embedder.EclipseLogger - skip non existing resourceDirectory F:\javaee-workspace\cn.gyyx.demo\demo-root\demo-dao\src\test\resources
2015-11-30 09:51:28,781 [Worker-12] INFO  o.e.m.c.i.l.LifecycleMappingFactory - Using org.maven.ide.eclipse.wtp.WarLifecycleMapping lifecycle mapping for MavenProject: cn.gyyx:demo:1.0.0 @ F:\javaee-workspace\cn.gyyx.demo\demo-root\demo-ui\pom.xml.
2015-11-30 09:51:30,023 [Worker-12] WARN  o.e.m.c.i.embedder.EclipseLogger - Using platform encoding (GBK actually) to copy filtered resources, i.e. build is platform dependent!
2015-11-30 09:51:30,029 [Worker-12] INFO  o.e.m.c.i.embedder.EclipseLogger - Copying 1 resource
2015-11-30 09:51:30,041 [Worker-12] WARN  o.e.m.c.i.embedder.EclipseLogger - Using platform encoding (GBK actually) to copy filtered resources, i.e. build is platform dependent!
2015-11-30 09:51:30,042 [Worker-12] INFO  o.e.m.c.i.embedder.EclipseLogger - Copying 1 resource
2015-11-30 09:51:30,048 [Worker-12] INFO  o.e.m.w.i.f.ResourceFilteringBuildParticipant - Changed resources require a complete clean of filtered resources of demo-ui
2015-11-30 09:51:30,049 [Worker-12] INFO  o.e.m.w.i.f.ResourceFilteringBuildParticipant - Executing resource filtering for demo-ui
2015-11-30 09:51:30,060 [Worker-12] WARN  o.e.m.c.i.embedder.EclipseLogger - Using platform encoding (GBK actually) to copy filtered resources, i.e. build is platform dependent!
2015-11-30 09:51:59,740 [Worker-0] WARN  o.e.m.c.i.embedder.EclipseLogger - Using platform encoding (GBK actually) to copy filtered resources, i.e. build is platform dependent!
2015-11-30 09:51:59,755 [Worker-0] INFO  o.e.m.c.i.embedder.EclipseLogger - Copying 1 resource
2015-11-30 09:51:59,771 [Worker-0] WARN  o.e.m.c.i.embedder.EclipseLogger - Using platform encoding (GBK actually) to copy filtered resources, i.e. build is platform dependent!
2015-11-30 09:51:59,771 [Worker-0] INFO  o.e.m.c.i.embedder.EclipseLogger - Copying 1 resource
